<?xml version="1.0" encoding="UTF-8"?>
<!-- Generated by org.testng.reporters.JUnitXMLReporter -->
<testsuite hostname="bonree-PC" name="Default test" tests="7" failures="0" timestamp="24 Feb 2018 07:28:57 GMT" time="0.472" errors="0">
  <testcase name="@BeforeSuite setUp" time="0.0" classname="com.lemon.phoenix.Base">
    <failure type="org.testng.TestNGException" message="
Parameter &amp;apos;browserType&amp;apos; is required by @Configuration on method setUp but has not been marked @Optional or defined
in C:\Users\bonree\AppData\Local\Temp\testng-eclipse-1729727597\testng-customsuite.xml">
      <![CDATA[org.testng.TestNGException: 
Parameter 'browserType' is required by @Configuration on method setUp but has not been marked @Optional or defined
in C:\Users\bonree\AppData\Local\Temp\testng-eclipse-1729727597\testng-customsuite.xml
	at org.testng.internal.Parameters.createParameters(Parameters.java:155)
	at org.testng.internal.Parameters.createParameters(Parameters.java:358)
	at org.testng.internal.Parameters.createConfigurationParameters(Parameters.java:86)
	at org.testng.internal.Invoker.invokeConfigurations(Invoker.java:199)
	at org.testng.internal.Invoker.invokeConfigurations(Invoker.java:138)
	at org.testng.SuiteRunner.privateRun(SuiteRunner.java:291)
	at org.testng.SuiteRunner.run(SuiteRunner.java:254)
	at org.testng.SuiteRunnerWorker.runSuite(SuiteRunnerWorker.java:52)
	at org.testng.SuiteRunnerWorker.run(SuiteRunnerWorker.java:86)
	at org.testng.TestNG.runSuitesSequentially(TestNG.java:1224)
	at org.testng.TestNG.runSuitesLocally(TestNG.java:1149)
	at org.testng.TestNG.run(TestNG.java:1057)
	at org.testng.remote.RemoteTestNG.run(RemoteTestNG.java:111)
	at org.testng.remote.RemoteTestNG.initAndRun(RemoteTestNG.java:204)
	at org.testng.remote.RemoteTestNG.main(RemoteTestNG.java:175)
]]>
    </failure>
  </testcase> <!-- @BeforeSuite setUp -->
  <testcase name="testSuccessdatas" time="0.003" classname="com.lemon.phoenix.RegisterPage">
    <skipped/>
  </testcase> <!-- testSuccessdatas -->
  <testcase name="testfaildatas" time="0.002" classname="com.lemon.phoenix.RegisterPage">
    <skipped/>
  </testcase> <!-- testfaildatas -->
  <testcase name="testfaildatas" time="0.0" classname="com.lemon.phoenix.RegisterPage">
    <skipped/>
  </testcase> <!-- testfaildatas -->
  <testcase name="testfaildatas" time="0.0" classname="com.lemon.phoenix.RegisterPage">
    <skipped/>
  </testcase> <!-- testfaildatas -->
  <testcase name="testfaildatas" time="0.0" classname="com.lemon.phoenix.RegisterPage">
    <skipped/>
  </testcase> <!-- testfaildatas -->
  <testcase name="testfaildatas" time="0.001" classname="com.lemon.phoenix.RegisterPage">
    <skipped/>
  </testcase> <!-- testfaildatas -->
  <testcase name="testfaildatas" time="0.001" classname="com.lemon.phoenix.RegisterPage">
    <skipped/>
  </testcase> <!-- testfaildatas -->
</testsuite> <!-- Default test -->
